#
# There is insufficient memory for the Java Runtime Environment to continue.
# Native memory allocation (malloc) failed to allocate 423040 bytes for Chunk::new
# Possible reasons:
#   The system is out of physical RAM or swap space
#   The process is running with CompressedOops enabled, and the Java Heap may be blocking the growth of the native heap
# Possible solutions:
#   Reduce memory load on the system
#   Increase physical memory or swap space
#   Check if swap backing store is full
#   Decrease Java heap size (-Xmx/-Xms)
#   Decrease number of Java threads
#   Decrease Java thread stack sizes (-Xss)
#   Set larger code cache with -XX:ReservedCodeCacheSize=
#   JVM is running with Zero Based Compressed Oops mode in which the Java heap is
#     placed in the first 32GB address space. The Java Heap base address is the
#     maximum limit for the native heap growth. Please use -XX:HeapBaseMinAddress
#     to set the Java Heap base and to place the Java Heap above 32GB virtual address.
# This output file may be truncated or incomplete.
#
#  Out of Memory Error (./open/src/hotspot/share/memory/arena.cpp:195), pid=15912, tid=18784
#
# JRE version: Java(TM) SE Runtime Environment (14.0.2+12) (build 14.0.2+12-46)
# Java VM: Java HotSpot(TM) 64-Bit Server VM (14.0.2+12-46, mixed mode, sharing, tiered, compressed oops, g1 gc, windows-amd64)
# No core dump will be written. Minidumps are not enabled by default on client versions of Windows
#

---------------  S U M M A R Y ------------

Command Line: -Dfile.encoding=windows-1252 -Duser.country=US -Duser.language=en -Duser.variant com.ben.PokemonColusseumApplication

Host: Intel(R) Core(TM) i7-1065G7 CPU @ 1.30GHz, 8 cores, 15G,  Windows 10 , 64 bit Build 19041 (10.0.19041.1889)
Time: Fri Aug 19 11:43:44 2022 Eastern Daylight Time elapsed time: 82932 seconds (0d 23h 2m 12s)

---------------  T H R E A D  ---------------

Current thread (0x000002915004c000):  JavaThread "C2 CompilerThread0" daemon [_thread_in_native, id=18784, stack(0x000000f6a5600000,0x000000f6a5700000)]


Current CompileTask:
C2:82932867 10675   !   4       org.springframework.web.servlet.mvc.method.annotation.AbstractMessageConverterMethodProcessor::addContentDispositionHeader (199 bytes)

Stack: [0x000000f6a5600000,0x000000f6a5700000]
Native frames: (J=compiled Java code, j=interpreted, Vv=VM code, C=native code)
V  [jvm.dll+0x5f8a9a]
V  [jvm.dll+0x74247a]
V  [jvm.dll+0x743c2f]
V  [jvm.dll+0x744273]
V  [jvm.dll+0x20d288]
V  [jvm.dll+0xabb07]
V  [jvm.dll+0xac1fc]
V  [jvm.dll+0x31c495]
V  [jvm.dll+0x2e6b38]
V  [jvm.dll+0x2e5f3a]
V  [jvm.dll+0x1e5e16]
V  [jvm.dll+0x1e50b8]
V  [jvm.dll+0x1779cc]
V  [jvm.dll+0x1f4105]
V  [jvm.dll+0x1f22eb]
V  [jvm.dll+0x7070cd]
V  [jvm.dll+0x6ffeda]
V  [jvm.dll+0x5f78f6]
C  [ucrtbase.dll+0x21bb2]
C  [KERNEL32.DLL+0x17034]
C  [ntdll.dll+0x52651]


---------------  P R O C E S S  ---------------

Threads class SMR info:
_java_thread_list=0x0000029157a52140, length=29, elements={
0x000002914f7a7000, 0x000002914f7aa800, 0x0000029150047000, 0x0000029150049000,
0x000002915004a800, 0x000002915004c000, 0x000002915004f000, 0x0000029150052800,
0x000002915019a000, 0x00000291501ab000, 0x0000029153fb9000, 0x00000291527a2800,
0x0000029154e9e800, 0x000002915142b800, 0x00000291541c2000, 0x00000291541c4000,
0x00000291541c1800, 0x00000291541c3000, 0x0000029155340800, 0x0000029155343000,
0x000002915533e000, 0x000002915533d000, 0x0000029155342000, 0x0000029155343800,
0x000002915533f000, 0x0000029155345800, 0x0000029155344800, 0x000002915533f800,
0x0000029155347000
}

Java Threads: ( => current thread )
  0x000002914f7a7000 JavaThread "Reference Handler" daemon [_thread_blocked, id=7960, stack(0x000000f6a5100000,0x000000f6a5200000)]
  0x000002914f7aa800 JavaThread "Finalizer" daemon [_thread_blocked, id=22432, stack(0x000000f6a5200000,0x000000f6a5300000)]
  0x0000029150047000 JavaThread "Signal Dispatcher" daemon [_thread_blocked, id=6344, stack(0x000000f6a5300000,0x000000f6a5400000)]
  0x0000029150049000 JavaThread "Attach Listener" daemon [_thread_blocked, id=3904, stack(0x000000f6a5400000,0x000000f6a5500000)]
  0x000002915004a800 JavaThread "Service Thread" daemon [_thread_blocked, id=20680, stack(0x000000f6a5500000,0x000000f6a5600000)]
=>0x000002915004c000 JavaThread "C2 CompilerThread0" daemon [_thread_in_native, id=18784, stack(0x000000f6a5600000,0x000000f6a5700000)]
  0x000002915004f000 JavaThread "C1 CompilerThread0" daemon [_thread_blocked, id=20996, stack(0x000000f6a5700000,0x000000f6a5800000)]
  0x0000029150052800 JavaThread "Sweeper thread" daemon [_thread_blocked, id=9340, stack(0x000000f6a5800000,0x000000f6a5900000)]
  0x000002915019a000 JavaThread "Notification Thread" daemon [_thread_blocked, id=14800, stack(0x000000f6a5900000,0x000000f6a5a00000)]
  0x00000291501ab000 JavaThread "Common-Cleaner" daemon [_thread_blocked, id=18100, stack(0x000000f6a5b00000,0x000000f6a5c00000)]
  0x0000029153fb9000 JavaThread "Catalina-utility-1" [_thread_blocked, id=18172, stack(0x000000f6a6600000,0x000000f6a6700000)]
  0x00000291527a2800 JavaThread "Catalina-utility-2" [_thread_blocked, id=3108, stack(0x000000f6a6700000,0x000000f6a6800000)]
  0x0000029154e9e800 JavaThread "container-0" [_thread_blocked, id=3888, stack(0x000000f6a6800000,0x000000f6a6900000)]
  0x000002915142b800 JavaThread "HikariPool-1 housekeeper" daemon [_thread_blocked, id=16628, stack(0x000000f6a6c00000,0x000000f6a6d00000)]
  0x00000291541c2000 JavaThread "File Watcher" daemon [_thread_blocked, id=2156, stack(0x000000f6a6e00000,0x000000f6a6f00000)]
  0x00000291541c4000 JavaThread "Live Reload Server" daemon [_thread_in_native, id=21228, stack(0x000000f6a7000000,0x000000f6a7100000)]
  0x00000291541c1800 JavaThread "http-nio-8090-Poller" daemon [_thread_in_native, id=12260, stack(0x000000f6a6f00000,0x000000f6a7000000)]
  0x00000291541c3000 JavaThread "http-nio-8090-Acceptor" daemon [_thread_in_native, id=11912, stack(0x000000f6a7100000,0x000000f6a7200000)]
  0x0000029155340800 JavaThread "DestroyJavaVM" [_thread_blocked, id=22120, stack(0x000000f6a4a00000,0x000000f6a4b00000)]
  0x0000029155343000 JavaThread "http-nio-8090-exec-1" daemon [_thread_in_native, id=6832, stack(0x000000f6a5c00000,0x000000f6a5d00000)]
  0x000002915533e000 JavaThread "http-nio-8090-exec-2" daemon [_thread_in_native, id=22772, stack(0x000000f6a4700000,0x000000f6a4800000)]
  0x000002915533d000 JavaThread "http-nio-8090-exec-3" daemon [_thread_in_native, id=7268, stack(0x000000f6a4800000,0x000000f6a4900000)]
  0x0000029155342000 JavaThread "http-nio-8090-exec-4" daemon [_thread_in_native, id=17148, stack(0x000000f6a4900000,0x000000f6a4a00000)]
  0x0000029155343800 JavaThread "http-nio-8090-exec-5" daemon [_thread_blocked, id=18316, stack(0x000000f6a5d00000,0x000000f6a5e00000)]
  0x000002915533f000 JavaThread "http-nio-8090-exec-6" daemon [_thread_in_native, id=18512, stack(0x000000f6a6300000,0x000000f6a6400000)]
  0x0000029155345800 JavaThread "http-nio-8090-exec-7" daemon [_thread_blocked, id=19480, stack(0x000000f6a6400000,0x000000f6a6500000)]
  0x0000029155344800 JavaThread "http-nio-8090-exec-8" daemon [_thread_blocked, id=13404, stack(0x000000f6a6b00000,0x000000f6a6c00000)]
  0x000002915533f800 JavaThread "http-nio-8090-exec-9" daemon [_thread_in_native, id=23504, stack(0x000000f6a7300000,0x000000f6a7400000)]
  0x0000029155347000 JavaThread "http-nio-8090-exec-10" daemon [_thread_blocked, id=13720, stack(0x000000f6a7400000,0x000000f6a7500000)]

Other Threads:
  0x000002914f7a4000 VMThread "VM Thread" [stack: 0x000000f6a5000000,0x000000f6a5100000] [id=1332]
  0x000002915019f000 WatcherThread [stack: 0x000000f6a5a00000,0x000000f6a5b00000] [id=14216]
  0x000002912bc45800 GCTaskThread "GC Thread#0" [stack: 0x000000f6a4b00000,0x000000f6a4c00000] [id=17936]
  0x00000291507af800 GCTaskThread "GC Thread#1" [stack: 0x000000f6a5e00000,0x000000f6a5f00000] [id=22324]
  0x0000029150e27800 GCTaskThread "GC Thread#2" [stack: 0x000000f6a5f00000,0x000000f6a6000000] [id=7828]
  0x0000029150e45000 GCTaskThread "GC Thread#3" [stack: 0x000000f6a6000000,0x000000f6a6100000] [id=11964]
  0x0000029150df0000 GCTaskThread "GC Thread#4" [stack: 0x000000f6a6100000,0x000000f6a6200000] [id=16912]
  0x0000029150dde000 GCTaskThread "GC Thread#5" [stack: 0x000000f6a6200000,0x000000f6a6300000] [id=20732]
  0x0000029152cf9000 GCTaskThread "GC Thread#6" [stack: 0x000000f6a6900000,0x000000f6a6a00000] [id=19140]
  0x0000029152cfa800 GCTaskThread "GC Thread#7" [stack: 0x000000f6a6a00000,0x000000f6a6b00000] [id=22660]
  0x000002912bc67800 ConcurrentGCThread "G1 Main Marker" [stack: 0x000000f6a4c00000,0x000000f6a4d00000] [id=22484]
  0x000002912bc68800 ConcurrentGCThread "G1 Conc#0" [stack: 0x000000f6a4d00000,0x000000f6a4e00000] [id=12012]
  0x0000029152b43800 ConcurrentGCThread "G1 Conc#1" [stack: 0x000000f6a6500000,0x000000f6a6600000] [id=19616]
  0x000002914f690800 ConcurrentGCThread "G1 Refine#0" [stack: 0x000000f6a4e00000,0x000000f6a4f00000] [id=20888]
  0x000002914f692800 ConcurrentGCThread "G1 Young RemSet Sampling" [stack: 0x000000f6a4f00000,0x000000f6a5000000] [id=2892]

Threads with active compile tasks:
C2 CompilerThread0  82932894 10675   !   4       org.springframework.web.servlet.mvc.method.annotation.AbstractMessageConverterMethodProcessor::addContentDispositionHeader (199 bytes)

VM state:not at safepoint (normal execution)

VM Mutex/Monitor currently owned by a thread: None

Heap address: 0x0000000704a00000, size: 4022 MB, Compressed Oops mode: Zero based, Oop shift amount: 3
Narrow klass base: 0x0000000800000000, Narrow klass shift: 3
Compressed class space size: 1073741824 Address: 0x0000000800b30000

Heap:
 garbage-first heap   total 82944K, used 36530K [0x0000000704a00000, 0x0000000800000000)
  region size 1024K, 10 young (10240K), 2 survivors (2048K)
 Metaspace       used 64934K, capacity 66970K, committed 67200K, reserved 1107968K
  class space    used 8295K, capacity 9063K, committed 9088K, reserved 1048576K
Heap Regions: E=young(eden), S=young(survivor), O=old, HS=humongous(starts), HC=humongous(continues), CS=collection set, F=free, OA=open archive, CA=closed archive, TAMS=top-at-mark-start (previous, next)
|   0|0x0000000704a00000, 0x0000000704b00000, 0x0000000704b00000|100%|HS|  |TAMS 0x0000000704b00000, 0x0000000704a00000| Complete 
|   1|0x0000000704b00000, 0x0000000704c00000, 0x0000000704c00000|100%| O|  |TAMS 0x0000000704c00000, 0x0000000704b00000| Untracked 
|   2|0x0000000704c00000, 0x0000000704d00000, 0x0000000704d00000|100%| O|  |TAMS 0x0000000704d00000, 0x0000000704c00000| Untracked 
|   3|0x0000000704d00000, 0x0000000704e00000, 0x0000000704e00000|100%| O|  |TAMS 0x0000000704e00000, 0x0000000704d00000| Untracked 
|   4|0x0000000704e00000, 0x0000000704f00000, 0x0000000704f00000|100%| O|  |TAMS 0x0000000704f00000, 0x0000000704e00000| Untracked 
|   5|0x0000000704f00000, 0x0000000705000000, 0x0000000705000000|100%| O|  |TAMS 0x0000000705000000, 0x0000000704f00000| Untracked 
|   6|0x0000000705000000, 0x0000000705063a00, 0x0000000705100000| 38%| O|  |TAMS 0x0000000705063a00, 0x0000000705000000| Untracked 
|   7|0x0000000705100000, 0x0000000705200000, 0x0000000705200000|100%| O|  |TAMS 0x0000000705200000, 0x0000000705100000| Untracked 
|   8|0x0000000705200000, 0x0000000705300000, 0x0000000705300000|100%| O|  |TAMS 0x0000000705300000, 0x0000000705200000| Untracked 
|   9|0x0000000705300000, 0x0000000705400000, 0x0000000705400000|100%| O|  |TAMS 0x0000000705400000, 0x0000000705300000| Untracked 
|  10|0x0000000705400000, 0x0000000705500000, 0x0000000705500000|100%| O|  |TAMS 0x0000000705500000, 0x0000000705400000| Untracked 
|  11|0x0000000705500000, 0x000000070555bc00, 0x0000000705600000| 35%| O|  |TAMS 0x000000070555bc00, 0x0000000705500000| Untracked 
|  12|0x0000000705600000, 0x0000000705700000, 0x0000000705700000|100%| O|  |TAMS 0x0000000705600000, 0x0000000705600000| Untracked 
|  13|0x0000000705700000, 0x0000000705800000, 0x0000000705800000|100%| O|  |TAMS 0x0000000705700000, 0x0000000705700000| Untracked 
|  14|0x0000000705800000, 0x0000000705900000, 0x0000000705900000|100%| O|  |TAMS 0x0000000705800000, 0x0000000705800000| Untracked 
|  15|0x0000000705900000, 0x0000000705a00000, 0x0000000705a00000|100%| O|  |TAMS 0x0000000705900000, 0x0000000705900000| Untracked 
|  16|0x0000000705a00000, 0x0000000705b00000, 0x0000000705b00000|100%| O|  |TAMS 0x0000000705a00000, 0x0000000705a00000| Untracked 
|  17|0x0000000705b00000, 0x0000000705c00000, 0x0000000705c00000|100%| O|  |TAMS 0x0000000705b00000, 0x0000000705b00000| Untracked 
|  18|0x0000000705c00000, 0x0000000705d00000, 0x0000000705d00000|100%| O|  |TAMS 0x0000000705c00000, 0x0000000705c00000| Untracked 
|  19|0x0000000705d00000, 0x0000000705e00000, 0x0000000705e00000|100%| O|  |TAMS 0x0000000705d00000, 0x0000000705d00000| Untracked 
|  20|0x0000000705e00000, 0x0000000705f00000, 0x0000000705f00000|100%| O|  |TAMS 0x0000000705e00000, 0x0000000705e00000| Untracked 
|  21|0x0000000705f00000, 0x0000000706000000, 0x0000000706000000|100%| O|  |TAMS 0x0000000705f00000, 0x0000000705f00000| Untracked 
|  22|0x0000000706000000, 0x0000000706100000, 0x0000000706100000|100%| O|  |TAMS 0x0000000706000000, 0x0000000706000000| Untracked 
|  23|0x0000000706100000, 0x0000000706200000, 0x0000000706200000|100%| O|  |TAMS 0x0000000706100000, 0x0000000706100000| Untracked 
|  24|0x0000000706200000, 0x0000000706300000, 0x0000000706300000|100%| O|  |TAMS 0x0000000706200000, 0x0000000706200000| Untracked 
|  25|0x0000000706300000, 0x0000000706400000, 0x0000000706400000|100%| O|  |TAMS 0x0000000706300000, 0x0000000706300000| Untracked 
|  26|0x0000000706400000, 0x0000000706500000, 0x0000000706500000|100%| O|  |TAMS 0x0000000706400000, 0x0000000706400000| Untracked 
|  27|0x0000000706500000, 0x0000000706600000, 0x0000000706600000|100%| O|  |TAMS 0x0000000706500000, 0x0000000706500000| Untracked 
|  28|0x0000000706600000, 0x000000070669d800, 0x0000000706700000| 61%| O|  |TAMS 0x0000000706600000, 0x0000000706600000| Untracked 
|  29|0x0000000706700000, 0x0000000706700000, 0x0000000706800000|  0%| F|  |TAMS 0x0000000706700000, 0x0000000706700000| Untracked 
|  30|0x0000000706800000, 0x0000000706800000, 0x0000000706900000|  0%| F|  |TAMS 0x0000000706800000, 0x0000000706800000| Untracked 
|  31|0x0000000706900000, 0x0000000706900000, 0x0000000706a00000|  0%| F|  |TAMS 0x0000000706900000, 0x0000000706900000| Untracked 
|  32|0x0000000706a00000, 0x0000000706a00000, 0x0000000706b00000|  0%| F|  |TAMS 0x0000000706a00000, 0x0000000706a00000| Untracked 
|  33|0x0000000706b00000, 0x0000000706b00000, 0x0000000706c00000|  0%| F|  |TAMS 0x0000000706b00000, 0x0000000706b00000| Untracked 
|  34|0x0000000706c00000, 0x0000000706c00000, 0x0000000706d00000|  0%| F|  |TAMS 0x0000000706c00000, 0x0000000706c00000| Untracked 
|  35|0x0000000706d00000, 0x0000000706d00000, 0x0000000706e00000|  0%| F|  |TAMS 0x0000000706d00000, 0x0000000706d00000| Untracked 
|  36|0x0000000706e00000, 0x0000000706e00000, 0x0000000706f00000|  0%| F|  |TAMS 0x0000000706e00000, 0x0000000706e00000| Untracked 
|  37|0x0000000706f00000, 0x0000000706f00000, 0x0000000707000000|  0%| F|  |TAMS 0x0000000706f00000, 0x0000000706f00000| Untracked 
|  38|0x0000000707000000, 0x0000000707000000, 0x0000000707100000|  0%| F|  |TAMS 0x0000000707000000, 0x0000000707000000| Untracked 
|  39|0x0000000707100000, 0x0000000707100000, 0x0000000707200000|  0%| F|  |TAMS 0x0000000707100000, 0x0000000707100000| Untracked 
|  40|0x0000000707200000, 0x000000070724fce0, 0x0000000707300000| 31%| S|CS|TAMS 0x0000000707200000, 0x0000000707200000| Complete 
|  41|0x0000000707300000, 0x0000000707400000, 0x0000000707400000|100%| S|CS|TAMS 0x0000000707300000, 0x0000000707300000| Complete 
|  42|0x0000000707400000, 0x0000000707400000, 0x0000000707500000|  0%| F|  |TAMS 0x0000000707400000, 0x0000000707400000| Untracked 
|  43|0x0000000707500000, 0x0000000707500000, 0x0000000707600000|  0%| F|  |TAMS 0x0000000707500000, 0x0000000707500000| Untracked 
|  44|0x0000000707600000, 0x0000000707600000, 0x0000000707700000|  0%| F|  |TAMS 0x0000000707600000, 0x0000000707600000| Untracked 
|  45|0x0000000707700000, 0x0000000707700000, 0x0000000707800000|  0%| F|  |TAMS 0x0000000707700000, 0x0000000707700000| Untracked 
|  46|0x0000000707800000, 0x0000000707800000, 0x0000000707900000|  0%| F|  |TAMS 0x0000000707800000, 0x0000000707800000| Untracked 
|  47|0x0000000707900000, 0x0000000707900000, 0x0000000707a00000|  0%| F|  |TAMS 0x0000000707900000, 0x0000000707900000| Untracked 
|  48|0x0000000707a00000, 0x0000000707a00000, 0x0000000707b00000|  0%| F|  |TAMS 0x0000000707a00000, 0x0000000707a00000| Untracked 
|  49|0x0000000707b00000, 0x0000000707b00000, 0x0000000707c00000|  0%| F|  |TAMS 0x0000000707b00000, 0x0000000707b00000| Untracked 
|  50|0x0000000707c00000, 0x0000000707c00000, 0x0000000707d00000|  0%| F|  |TAMS 0x0000000707c00000, 0x0000000707c00000| Untracked 
|  51|0x0000000707d00000, 0x0000000707d00000, 0x0000000707e00000|  0%| F|  |TAMS 0x0000000707d00000, 0x0000000707d00000| Untracked 
|  52|0x0000000707e00000, 0x0000000707e00000, 0x0000000707f00000|  0%| F|  |TAMS 0x0000000707e00000, 0x0000000707e00000| Untracked 
|  53|0x0000000707f00000, 0x0000000707f00000, 0x0000000708000000|  0%| F|  |TAMS 0x0000000707f00000, 0x0000000707f00000| Untracked 
|  54|0x0000000708000000, 0x0000000708000000, 0x0000000708100000|  0%| F|  |TAMS 0x0000000708000000, 0x0000000708000000| Untracked 
|  55|0x0000000708100000, 0x0000000708100000, 0x0000000708200000|  0%| F|  |TAMS 0x0000000708100000, 0x0000000708100000| Untracked 
|  56|0x0000000708200000, 0x0000000708200000, 0x0000000708300000|  0%| F|  |TAMS 0x0000000708200000, 0x0000000708200000| Untracked 
|  57|0x0000000708300000, 0x0000000708300000, 0x0000000708400000|  0%| F|  |TAMS 0x0000000708300000, 0x0000000708300000| Untracked 
|  58|0x0000000708400000, 0x0000000708400000, 0x0000000708500000|  0%| F|  |TAMS 0x0000000708400000, 0x0000000708400000| Untracked 
|  59|0x0000000708500000, 0x0000000708500000, 0x0000000708600000|  0%| F|  |TAMS 0x0000000708500000, 0x0000000708500000| Untracked 
|  60|0x0000000708600000, 0x0000000708600000, 0x0000000708700000|  0%| F|  |TAMS 0x0000000708600000, 0x0000000708600000| Untracked 
|  61|0x0000000708700000, 0x0000000708700000, 0x0000000708800000|  0%| F|  |TAMS 0x0000000708700000, 0x0000000708700000| Untracked 
|  62|0x0000000708800000, 0x0000000708800000, 0x0000000708900000|  0%| F|  |TAMS 0x0000000708800000, 0x0000000708800000| Untracked 
|  63|0x0000000708900000, 0x0000000708900000, 0x0000000708a00000|  0%| F|  |TAMS 0x0000000708900000, 0x0000000708900000| Untracked 
|  64|0x0000000708a00000, 0x0000000708a00000, 0x0000000708b00000|  0%| F|  |TAMS 0x0000000708a00000, 0x0000000708a00000| Untracked 
|  65|0x0000000708b00000, 0x0000000708b00000, 0x0000000708c00000|  0%| F|  |TAMS 0x0000000708b00000, 0x0000000708b00000| Untracked 
|  66|0x0000000708c00000, 0x0000000708c00000, 0x0000000708d00000|  0%| F|  |TAMS 0x0000000708c00000, 0x0000000708c00000| Untracked 
|  67|0x0000000708d00000, 0x0000000708d00000, 0x0000000708e00000|  0%| F|  |TAMS 0x0000000708d00000, 0x0000000708d00000| Untracked 
|  68|0x0000000708e00000, 0x0000000708e00000, 0x0000000708f00000|  0%| F|  |TAMS 0x0000000708e00000, 0x0000000708e00000| Untracked 
|  69|0x0000000708f00000, 0x0000000708f00000, 0x0000000709000000|  0%| F|  |TAMS 0x0000000708f00000, 0x0000000708f00000| Untracked 
|  70|0x0000000709000000, 0x0000000709000000, 0x0000000709100000|  0%| F|  |TAMS 0x0000000709000000, 0x0000000709000000| Untracked 
|  71|0x0000000709100000, 0x0000000709100000, 0x0000000709200000|  0%| F|  |TAMS 0x0000000709100000, 0x0000000709100000| Untracked 
|  72|0x0000000709200000, 0x0000000709200000, 0x0000000709300000|  0%| F|  |TAMS 0x0000000709200000, 0x0000000709200000| Untracked 
|  85|0x0000000709f00000, 0x0000000709fd6db0, 0x000000070a000000| 83%| E|  |TAMS 0x0000000709f00000, 0x0000000709f00000| Complete 
|  86|0x000000070a000000, 0x000000070a100000, 0x000000070a100000|100%| E|CS|TAMS 0x000000070a000000, 0x000000070a000000| Complete 
|  87|0x000000070a100000, 0x000000070a200000, 0x000000070a200000|100%| E|CS|TAMS 0x000000070a100000, 0x000000070a100000| Complete 
|  88|0x000000070a200000, 0x000000070a300000, 0x000000070a300000|100%| E|CS|TAMS 0x000000070a200000, 0x000000070a200000| Complete 
|  89|0x000000070a300000, 0x000000070a400000, 0x000000070a400000|100%| E|CS|TAMS 0x000000070a300000, 0x000000070a300000| Complete 
|  90|0x000000070a400000, 0x000000070a500000, 0x000000070a500000|100%| E|CS|TAMS 0x000000070a400000, 0x000000070a400000| Complete 
|  91|0x000000070a500000, 0x000000070a600000, 0x000000070a600000|100%| E|CS|TAMS 0x000000070a500000, 0x000000070a500000| Complete 
| 251|0x0000000714500000, 0x0000000714600000, 0x0000000714600000|100%| E|CS|TAMS 0x0000000714500000, 0x0000000714500000| Complete 

Card table byte_map: [0x0000029143ea0000,0x0000029144680000] _byte_map_base: 0x000002914067b000

Marking Bits (Prev, Next): (CMBitMap*) 0x000002912bc473a8, (CMBitMap*) 0x000002912bc47368
 Prev Bits: [0x0000029148d40000, 0x000002914cc18000)
 Next Bits: [0x0000029144e60000, 0x0000029148d38000)

Polling page: 0x000002912b3b0000

Metaspace:

Usage:
  Non-class:     56.55 MB capacity,    55.31 MB ( 98%) used,  1018.34 KB (  2%) free+waste,   249.81 KB ( <1%) overhead. 
      Class:      8.85 MB capacity,     8.10 MB ( 92%) used,   650.20 KB (  7%) free+waste,   117.19 KB (  1%) overhead. 
       Both:     65.40 MB capacity,    63.41 MB ( 97%) used,     1.63 MB (  2%) free+waste,   367.00 KB ( <1%) overhead. 

Virtual space:
  Non-class space:       58.00 MB reserved,      56.75 MB ( 98%) committed 
      Class space:        1.00 GB reserved,       8.88 MB ( <1%) committed 
             Both:        1.06 GB reserved,      65.63 MB (  6%) committed 

Chunk freelists:
   Non-Class:  13.00 KB
       Class:  0 bytes
        Both:  13.00 KB

MaxMetaspaceSize: 17179869184.00 GB
CompressedClassSpaceSize: 1.00 GB

CodeHeap 'non-profiled nmethods': size=120000Kb used=9633Kb max_used=9633Kb free=110366Kb
 bounds [0x000002913be50000, 0x000002913c7c0000, 0x0000029143380000]
CodeHeap 'profiled nmethods': size=120000Kb used=17780Kb max_used=20484Kb free=102219Kb
 bounds [0x0000029134920000, 0x0000029135d30000, 0x000002913be50000]
CodeHeap 'non-nmethods': size=5760Kb used=1337Kb max_used=1416Kb free=4422Kb
 bounds [0x0000029134380000, 0x00000291345f0000, 0x0000029134920000]
 total_blobs=9329 nmethods=8717 adapters=523
 compilation: enabled
              stopped_count=0, restarted_count=0
 full_count=0

Compilation events (20 events):
Event: 82931.703 Thread 0x000002915004c000 nmethod 10665 0x000002913c7b0310 code [0x000002913c7b0900, 0x000002913c7b1eb0]
Event: 82931.772 Thread 0x000002915004c000 10666       4       org.springframework.web.util.HierarchicalUriComponents::getPort (59 bytes)
Event: 82931.779 Thread 0x000002915004c000 nmethod 10666 0x000002913c7b3210 code [0x000002913c7b3480, 0x000002913c7b3b48]
Event: 82931.797 Thread 0x000002915004c000 10667       4       org.hibernate.query.spi.QueryParameterBindingValidator::validate (125 bytes)
Event: 82931.800 Thread 0x000002915004c000 nmethod 10667 0x000002913c7b3f90 code [0x000002913c7b41a0, 0x000002913c7b4538]
Event: 82931.826 Thread 0x000002915004c000 10668       4       org.hibernate.engine.spi.TypedValue::<init> (19 bytes)
Event: 82931.831 Thread 0x000002915004c000 nmethod 10668 0x000002913c7b4790 code [0x000002913c7b4920, 0x000002913c7b4dd8]
Event: 82932.098 Thread 0x000002915004c000 10669       4       org.springframework.data.repository.query.ResultProcessor::withDynamicProjection (27 bytes)
Event: 82932.099 Thread 0x000002915004c000 nmethod 10669 0x000002913c7b4f10 code [0x000002913c7b50c0, 0x000002913c7b5218]
Event: 82932.249 Thread 0x000002915004c000 10670       4       org.springframework.web.servlet.mvc.method.annotation.RequestMappingHandlerAdapter::getSessionAttributesHandler (23 bytes)
Event: 82932.251 Thread 0x000002915004c000 nmethod 10670 0x000002913c7b5390 code [0x000002913c7b5580, 0x000002913c7b5808]
Event: 82932.328 Thread 0x000002915004c000 10671       4       java.lang.Integer::toUnsignedString0 (76 bytes)
Event: 82932.334 Thread 0x000002915004c000 nmethod 10671 0x000002913c7b5a10 code [0x000002913c7b5be0, 0x000002913c7b60d8]
Event: 82932.335 Thread 0x000002915004c000 10672       4       sun.nio.ch.SelectorImpl::processReadyEvents (115 bytes)
Event: 82932.347 Thread 0x000002915004c000 nmethod 10672 0x000002913c7b6310 code [0x000002913c7b66c0, 0x000002913c7b7490]
Event: 82932.358 Thread 0x000002915004c000 10673       4       org.apache.coyote.Request::action (37 bytes)
Event: 82932.360 Thread 0x000002915004c000 nmethod 10673 0x000002913c7b7d90 code [0x000002913c7b7f60, 0x000002913c7b80e8]
Event: 82932.452 Thread 0x000002915004c000 10674       4       org.springframework.web.context.request.AbstractRequestAttributes::requestCompleted (14 bytes)
Event: 82932.454 Thread 0x000002915004c000 nmethod 10674 0x000002913c7b8210 code [0x000002913c7b83e0, 0x000002913c7b8588]
Event: 82932.810 Thread 0x000002915004c000 10675   !   4       org.springframework.web.servlet.mvc.method.annotation.AbstractMessageConverterMethodProcessor::addContentDispositionHeader (199 bytes)

GC Heap History (20 events):
Event: 82911.184 GC heap before
{Heap before GC invocations=25 (full 0):
 garbage-first heap   total 82944K, used 68172K [0x0000000704a00000, 0x0000000800000000)
  region size 1024K, 40 young (40960K), 2 survivors (2048K)
 Metaspace       used 64876K, capacity 66840K, committed 66944K, reserved 1107968K
  class space    used 8290K, capacity 9063K, committed 9088K, reserved 1048576K
}
Event: 82911.188 GC heap after
{Heap after GC invocations=26 (full 0):
 garbage-first heap   total 82944K, used 29303K [0x0000000704a00000, 0x0000000800000000)
  region size 1024K, 2 young (2048K), 2 survivors (2048K)
 Metaspace       used 64876K, capacity 66840K, committed 66944K, reserved 1107968K
  class space    used 8290K, capacity 9063K, committed 9088K, reserved 1048576K
}
Event: 82912.518 GC heap before
{Heap before GC invocations=26 (full 0):
 garbage-first heap   total 82944K, used 68215K [0x0000000704a00000, 0x0000000800000000)
  region size 1024K, 40 young (40960K), 2 survivors (2048K)
 Metaspace       used 64878K, capacity 66841K, committed 66944K, reserved 1107968K
  class space    used 8290K, capacity 9063K, committed 9088K, reserved 1048576K
}
Event: 82912.521 GC heap after
{Heap after GC invocations=27 (full 0):
 garbage-first heap   total 82944K, used 29267K [0x0000000704a00000, 0x0000000800000000)
  region size 1024K, 2 young (2048K), 2 survivors (2048K)
 Metaspace       used 64878K, capacity 66841K, committed 66944K, reserved 1107968K
  class space    used 8290K, capacity 9063K, committed 9088K, reserved 1048576K
}
Event: 82913.627 GC heap before
{Heap before GC invocations=27 (full 0):
 garbage-first heap   total 82944K, used 69203K [0x0000000704a00000, 0x0000000800000000)
  region size 1024K, 41 young (41984K), 2 survivors (2048K)
 Metaspace       used 64888K, capacity 66905K, committed 66944K, reserved 1107968K
  class space    used 8290K, capacity 9063K, committed 9088K, reserved 1048576K
}
Event: 82913.633 GC heap after
{Heap after GC invocations=28 (full 0):
 garbage-first heap   total 82944K, used 29270K [0x0000000704a00000, 0x0000000800000000)
  region size 1024K, 2 young (2048K), 2 survivors (2048K)
 Metaspace       used 64888K, capacity 66905K, committed 66944K, reserved 1107968K
  class space    used 8290K, capacity 9063K, committed 9088K, reserved 1048576K
}
Event: 82916.990 GC heap before
{Heap before GC invocations=28 (full 0):
 garbage-first heap   total 82944K, used 69206K [0x0000000704a00000, 0x0000000800000000)
  region size 1024K, 41 young (41984K), 2 survivors (2048K)
 Metaspace       used 64888K, capacity 66905K, committed 66944K, reserved 1107968K
  class space    used 8290K, capacity 9063K, committed 9088K, reserved 1048576K
}
Event: 82916.993 GC heap after
{Heap after GC invocations=29 (full 0):
 garbage-first heap   total 82944K, used 29325K [0x0000000704a00000, 0x0000000800000000)
  region size 1024K, 2 young (2048K), 2 survivors (2048K)
 Metaspace       used 64888K, capacity 66905K, committed 66944K, reserved 1107968K
  class space    used 8290K, capacity 9063K, committed 9088K, reserved 1048576K
}
Event: 82918.342 GC heap before
{Heap before GC invocations=29 (full 0):
 garbage-first heap   total 82944K, used 69261K [0x0000000704a00000, 0x0000000800000000)
  region size 1024K, 41 young (41984K), 2 survivors (2048K)
 Metaspace       used 64892K, capacity 66905K, committed 66944K, reserved 1107968K
  class space    used 8290K, capacity 9063K, committed 9088K, reserved 1048576K
}
Event: 82918.346 GC heap after
{Heap after GC invocations=30 (full 0):
 garbage-first heap   total 82944K, used 29290K [0x0000000704a00000, 0x0000000800000000)
  region size 1024K, 2 young (2048K), 2 survivors (2048K)
 Metaspace       used 64892K, capacity 66905K, committed 66944K, reserved 1107968K
  class space    used 8290K, capacity 9063K, committed 9088K, reserved 1048576K
}
Event: 82919.565 GC heap before
{Heap before GC invocations=30 (full 0):
 garbage-first heap   total 82944K, used 69226K [0x0000000704a00000, 0x0000000800000000)
  region size 1024K, 41 young (41984K), 2 survivors (2048K)
 Metaspace       used 64897K, capacity 66905K, committed 66944K, reserved 1107968K
  class space    used 8292K, capacity 9063K, committed 9088K, reserved 1048576K
}
Event: 82919.568 GC heap after
{Heap after GC invocations=31 (full 0):
 garbage-first heap   total 82944K, used 29314K [0x0000000704a00000, 0x0000000800000000)
  region size 1024K, 2 young (2048K), 2 survivors (2048K)
 Metaspace       used 64897K, capacity 66905K, committed 66944K, reserved 1107968K
  class space    used 8292K, capacity 9063K, committed 9088K, reserved 1048576K
}
Event: 82922.292 GC heap before
{Heap before GC invocations=31 (full 0):
 garbage-first heap   total 82944K, used 69250K [0x0000000704a00000, 0x0000000800000000)
  region size 1024K, 41 young (41984K), 2 survivors (2048K)
 Metaspace       used 64898K, capacity 66905K, committed 66944K, reserved 1107968K
  class space    used 8293K, capacity 9063K, committed 9088K, reserved 1048576K
}
Event: 82922.295 GC heap after
{Heap after GC invocations=32 (full 0):
 garbage-first heap   total 82944K, used 29396K [0x0000000704a00000, 0x0000000800000000)
  region size 1024K, 2 young (2048K), 2 survivors (2048K)
 Metaspace       used 64898K, capacity 66905K, committed 66944K, reserved 1107968K
  class space    used 8293K, capacity 9063K, committed 9088K, reserved 1048576K
}
Event: 82926.160 GC heap before
{Heap before GC invocations=32 (full 0):
 garbage-first heap   total 82944K, used 69332K [0x0000000704a00000, 0x0000000800000000)
  region size 1024K, 41 young (41984K), 2 survivors (2048K)
 Metaspace       used 64904K, capacity 66906K, committed 66944K, reserved 1107968K
  class space    used 8293K, capacity 9063K, committed 9088K, reserved 1048576K
}
Event: 82926.164 GC heap after
{Heap after GC invocations=33 (full 0):
 garbage-first heap   total 82944K, used 29375K [0x0000000704a00000, 0x0000000800000000)
  region size 1024K, 2 young (2048K), 2 survivors (2048K)
 Metaspace       used 64904K, capacity 66906K, committed 66944K, reserved 1107968K
  class space    used 8293K, capacity 9063K, committed 9088K, reserved 1048576K
}
Event: 82930.801 GC heap before
{Heap before GC invocations=33 (full 0):
 garbage-first heap   total 82944K, used 69311K [0x0000000704a00000, 0x0000000800000000)
  region size 1024K, 41 young (41984K), 2 survivors (2048K)
 Metaspace       used 64930K, capacity 66970K, committed 67200K, reserved 1107968K
  class space    used 8295K, capacity 9063K, committed 9088K, reserved 1048576K
}
Event: 82930.803 GC heap after
{Heap after GC invocations=34 (full 0):
 garbage-first heap   total 82944K, used 29347K [0x0000000704a00000, 0x0000000800000000)
  region size 1024K, 2 young (2048K), 2 survivors (2048K)
 Metaspace       used 64930K, capacity 66970K, committed 67200K, reserved 1107968K
  class space    used 8295K, capacity 9063K, committed 9088K, reserved 1048576K
}
Event: 82932.741 GC heap before
{Heap before GC invocations=34 (full 0):
 garbage-first heap   total 82944K, used 69283K [0x0000000704a00000, 0x0000000800000000)
  region size 1024K, 41 young (41984K), 2 survivors (2048K)
 Metaspace       used 64934K, capacity 66970K, committed 67200K, reserved 1107968K
  class space    used 8295K, capacity 9063K, committed 9088K, reserved 1048576K
}
Event: 82932.770 GC heap after
{Heap after GC invocations=35 (full 0):
 garbage-first heap   total 82944K, used 29362K [0x0000000704a00000, 0x0000000800000000)
  region size 1024K, 2 young (2048K), 2 survivors (2048K)
 Metaspace       used 64934K, capacity 66970K, committed 67200K, reserved 1107968K
  class space    used 8295K, capacity 9063K, committed 9088K, reserved 1048576K
}

Deoptimization events (20 events):
Event: 82917.801 Thread 0x0000029155343000 Uncommon trap: trap_request=0xffffffd6 fr.pc=0x000002913c65541c relative=0x00000000000003dc
Event: 82917.801 Thread 0x0000029155343000 Uncommon trap: reason=array_check action=maybe_recompile pc=0x000002913c65541c method=java.util.LinkedHashMap.keysToArray([Ljava/lang/Object;)[Ljava/lang/Object; @ 25 c2
Event: 82917.801 Thread 0x0000029155343000 DEOPT PACKING pc=0x000002913c65541c sp=0x000000f6a5cfb1a0
Event: 82917.801 Thread 0x0000029155343000 DEOPT UNPACKING pc=0x000002913438852f sp=0x000000f6a5cfb148 mode 2
Event: 82925.690 Thread 0x0000029155343800 Uncommon trap: trap_request=0xffffffd6 fr.pc=0x000002913c6fe4e8 relative=0x0000000000000fe8
Event: 82925.690 Thread 0x0000029155343800 Uncommon trap: reason=array_check action=maybe_recompile pc=0x000002913c6fe4e8 method=org.hibernate.engine.internal.EntityEntryContext.reentrantSafeEntityEntries()[Ljava/util/Map$Entry; @ 57 c2
Event: 82925.690 Thread 0x0000029155343800 DEOPT PACKING pc=0x000002913c6fe4e8 sp=0x000000f6a5dfc760
Event: 82925.690 Thread 0x0000029155343800 DEOPT UNPACKING pc=0x000002913438852f sp=0x000000f6a5dfc650 mode 2
Event: 82925.690 Thread 0x000002915533f800 Uncommon trap: trap_request=0xffffffd6 fr.pc=0x000002913c6fe4e8 relative=0x0000000000000fe8
Event: 82925.690 Thread 0x000002915533f800 Uncommon trap: reason=array_check action=maybe_recompile pc=0x000002913c6fe4e8 method=org.hibernate.engine.internal.EntityEntryContext.reentrantSafeEntityEntries()[Ljava/util/Map$Entry; @ 57 c2
Event: 82925.690 Thread 0x000002915533f800 DEOPT PACKING pc=0x000002913c6fe4e8 sp=0x000000f6a73fcb40
Event: 82925.690 Thread 0x000002915533f800 DEOPT UNPACKING pc=0x000002913438852f sp=0x000000f6a73fca30 mode 2
Event: 82925.691 Thread 0x0000029155343000 Uncommon trap: trap_request=0xffffffd6 fr.pc=0x000002913c6fe4e8 relative=0x0000000000000fe8
Event: 82925.691 Thread 0x0000029155343000 Uncommon trap: reason=array_check action=maybe_recompile pc=0x000002913c6fe4e8 method=org.hibernate.engine.internal.EntityEntryContext.reentrantSafeEntityEntries()[Ljava/util/Map$Entry; @ 57 c2
Event: 82925.692 Thread 0x0000029155343000 DEOPT PACKING pc=0x000002913c6fe4e8 sp=0x000000f6a5cfc3c0
Event: 82925.692 Thread 0x0000029155343000 DEOPT UNPACKING pc=0x000002913438852f sp=0x000000f6a5cfc2b0 mode 2
Event: 82925.694 Thread 0x0000029155344800 Uncommon trap: trap_request=0xffffffd6 fr.pc=0x000002913c6fe4e8 relative=0x0000000000000fe8
Event: 82925.694 Thread 0x0000029155344800 Uncommon trap: reason=array_check action=maybe_recompile pc=0x000002913c6fe4e8 method=org.hibernate.engine.internal.EntityEntryContext.reentrantSafeEntityEntries()[Ljava/util/Map$Entry; @ 57 c2
Event: 82925.694 Thread 0x0000029155344800 DEOPT PACKING pc=0x000002913c6fe4e8 sp=0x000000f6a6bfcab0
Event: 82925.694 Thread 0x0000029155344800 DEOPT UNPACKING pc=0x000002913438852f sp=0x000000f6a6bfc9a0 mode 2

Classes unloaded (0 events):
No events

Classes redefined (0 events):
No events

Internal exceptions (20 events):
Event: 6.288 Thread 0x0000029150f26800 Exception <a 'java/lang/NoSuchMethodError'{0x00000007073c7a90}: 'java.lang.Object java.lang.invoke.DirectMethodHandle$Holder.invokeSpecial(java.lang.Object, java.lang.Object, int, java.lang.Object, int, java.lang.Object)'> (0x00000007073c7a90) 
thrown [./open/src/hotspot/share/interpreter/linkResolver.cpp, line 766]
Event: 6.288 Thread 0x0000029150f26800 Exception <a 'java/lang/NoSuchMethodError'{0x00000007073ce8c0}: 'java.lang.Object java.lang.invoke.DirectMethodHandle$Holder.invokeStatic(java.lang.Object, java.lang.Object, int, java.lang.Object, int)'> (0x00000007073ce8c0) 
thrown [./open/src/hotspot/share/interpreter/linkResolver.cpp, line 766]
Event: 6.288 Thread 0x0000029150f26800 Exception <a 'java/lang/NoSuchMethodError'{0x00000007073d1c70}: 'java.lang.Object java.lang.invoke.DirectMethodHandle$Holder.invokeSpecial(java.lang.Object, java.lang.Object, java.lang.Object, int, java.lang.Object, int)'> (0x00000007073d1c70) 
thrown [./open/src/hotspot/share/interpreter/linkResolver.cpp, line 766]
Event: 6.289 Thread 0x0000029150f26800 Exception <a 'java/lang/NoSuchMethodError'{0x00000007073dbdc0}: 'void java.lang.invoke.DirectMethodHandle$Holder.invokeVirtual(java.lang.Object, java.lang.Object)'> (0x00000007073dbdc0) 
thrown [./open/src/hotspot/share/interpreter/linkResolver.cpp, line 766]
Event: 6.348 Thread 0x0000029150f26800 Exception <a 'java/lang/IncompatibleClassChangeError'{0x00000007145dde98}: Found class java.lang.Object, but interface was expected> (0x00000007145dde98) 
thrown [./open/src/hotspot/share/interpreter/linkResolver.cpp, line 832]
Event: 6.368 Thread 0x0000029150f26800 Implicit null exception at 0x000002913bfd7315 to 0x000002913bfd757c
Event: 11.752 Thread 0x0000029155343000 Exception <a 'java/lang/NoSuchMethodError'{0x0000000708834a18}: 'java.lang.Object java.lang.invoke.DirectMethodHandle$Holder.invokeStaticInit(java.lang.Object, java.lang.Object, java.lang.Object, java.lang.Object, java.lang.Object, java.lang.Object)'> (0x0000000708834a18) 
thrown [./open/src/hotspot/share/interpreter/linkResolver.cpp, line 766]
Event: 11.764 Thread 0x0000029155343000 Exception <a 'java/lang/NoSuchMethodError'{0x000000070888d610}: 'java.lang.Object java.lang.invoke.DirectMethodHandle$Holder.invokeStatic(java.lang.Object, java.lang.Object, java.lang.Object, long)'> (0x000000070888d610) 
thrown [./open/src/hotspot/share/interpreter/linkResolver.cpp, line 766]
Event: 11.765 Thread 0x0000029155343000 Exception <a 'java/lang/NoSuchMethodError'{0x0000000708891118}: 'java.lang.Object java.lang.invoke.DirectMethodHandle$Holder.invokeSpecial(java.lang.Object, java.lang.Object, java.lang.Object, java.lang.Object, long)'> (0x0000000708891118) 
thrown [./open/src/hotspot/share/interpreter/linkResolver.cpp, line 766]
Event: 11.766 Thread 0x0000029155343000 Exception <a 'java/lang/NoSuchMethodError'{0x0000000708894980}: 'java.lang.Object java.lang.invoke.Invokers$Holder.linkToTargetMethod(java.lang.Object, java.lang.Object, long, java.lang.Object)'> (0x0000000708894980) 
thrown [./open/src/hotspot/share/interpreter/linkResolver.cpp, line 766]
Event: 11.840 Thread 0x0000029155343000 Exception <a 'java/lang/NoSuchMethodError'{0x000000070863ff18}: 'java.lang.Object java.lang.invoke.Invokers$Holder.linkToTargetMethod(java.lang.Object, java.lang.Object, java.lang.Object, java.lang.Object, java.lang.Object, java.lang.Object, java.lang.Object)'> (0x000000070863ff18) 
thrown [./open/src/hotspot/share/interpreter/linkResolver.cpp, line 766]
Event: 312.534 Thread 0x000002915533f800 Exception <a 'java/lang/NoSuchMethodError'{0x0000000707e2d9c0}: 'java.lang.Object java.lang.invoke.DirectMethodHandle$Holder.invokeInterface(java.lang.Object, java.lang.Object, java.lang.Object, java.lang.Object)'> (0x0000000707e2d9c0) 
thrown [./open/src/hotspot/share/interpreter/linkResolver.cpp, line 766]
Event: 4842.765 Thread 0x000002915533f000 Exception <a 'java/lang/NoSuchMethodError'{0x0000000714523c28}: static [Ljava/lang/String;.<clinit>()V> (0x0000000714523c28) 
thrown [./open/src/hotspot/share/prims/jni.cpp, line 1348]
Event: 5302.068 Thread 0x0000029155347000 Exception <a 'java/lang/reflect/InvocationTargetException'{0x0000000709152d00}> (0x0000000709152d00) 
thrown [./open/src/hotspot/share/runtime/reflection.cpp, line 1188]
Event: 5302.089 Thread 0x0000029155347000 Exception <a 'java/lang/NoClassDefFoundError'{0x000000070918d858}: sun/reflect/Reflection> (0x000000070918d858) 
thrown [./open/src/hotspot/share/classfile/systemDictionary.cpp, line 215]
Event: 5325.617 Thread 0x0000029155343000 Exception <a 'java/lang/reflect/InvocationTargetException'{0x0000000708f87b48}> (0x0000000708f87b48) 
thrown [./open/src/hotspot/share/runtime/reflection.cpp, line 1188]
Event: 78686.247 Thread 0x0000029155345800 Implicit null exception at 0x000002913c0f6077 to 0x000002913c0ffde0
Event: 79723.149 Thread 0x0000029155343000 Implicit null exception at 0x000002913bf68642 to 0x000002913bf68e04
Event: 82909.780 Thread 0x0000029155347000 Implicit null exception at 0x000002913c4b32a8 to 0x000002913c4b3684
Event: 82909.945 Thread 0x000002915533e000 Implicit null exception at 0x000002913c4bae90 to 0x000002913c4bb2b4

Events (20 events):
Event: 82918.342 Executing VM operation: G1CollectForAllocation
Event: 82918.346 Executing VM operation: G1CollectForAllocation done
Event: 82918.448 Executing VM operation: HandshakeOneThread
Event: 82918.448 Executing VM operation: HandshakeOneThread done
Event: 82918.534 Executing VM operation: HandshakeOneThread
Event: 82918.534 Executing VM operation: HandshakeOneThread done
Event: 82918.544 Executing VM operation: BulkRevokeBias
Event: 82918.545 Executing VM operation: BulkRevokeBias done
Event: 82918.703 Thread 0x0000029157018000 Thread added: 0x0000029157018000
Event: 82919.564 Executing VM operation: G1CollectForAllocation
Event: 82919.568 Executing VM operation: G1CollectForAllocation done
Event: 82921.038 Thread 0x0000029157018000 Thread exited: 0x0000029157018000
Event: 82922.292 Executing VM operation: G1CollectForAllocation
Event: 82922.295 Executing VM operation: G1CollectForAllocation done
Event: 82926.160 Executing VM operation: G1CollectForAllocation
Event: 82926.164 Executing VM operation: G1CollectForAllocation done
Event: 82930.801 Executing VM operation: G1CollectForAllocation
Event: 82930.803 Executing VM operation: G1CollectForAllocation done
Event: 82932.740 Executing VM operation: G1CollectForAllocation
Event: 82932.770 Executing VM operation: G1CollectForAllocation done


Dynamic libraries:
0x00007ff79d860000 - 0x00007ff79d86f000 	C:\Program Files\Java\jdk-14.0.2\bin\java.exe
0x00007ff8d79d0000 - 0x00007ff8d7bc8000 	C:\Windows\SYSTEM32\ntdll.dll
0x00007ff8d7870000 - 0x00007ff8d792d000 	C:\Windows\System32\KERNEL32.DLL
0x00007ff8d52c0000 - 0x00007ff8d558e000 	C:\Windows\System32\KERNELBASE.dll
0x00007ff8d56b0000 - 0x00007ff8d57b0000 	C:\Windows\System32\ucrtbase.dll
0x00007ff898900000 - 0x00007ff898918000 	C:\Program Files\Java\jdk-14.0.2\bin\jli.dll
0x00007ff890020000 - 0x00007ff890035000 	C:\Program Files\Java\jdk-14.0.2\bin\VCRUNTIME140.dll
0x00007ff8d6830000 - 0x00007ff8d68de000 	C:\Windows\System32\ADVAPI32.dll
0x00007ff8d6790000 - 0x00007ff8d682e000 	C:\Windows\System32\msvcrt.dll
0x00007ff8d75b0000 - 0x00007ff8d764c000 	C:\Windows\System32\sechost.dll
0x00007ff8d6430000 - 0x00007ff8d6555000 	C:\Windows\System32\RPCRT4.dll
0x00007ff8d6e00000 - 0x00007ff8d6fa0000 	C:\Windows\System32\USER32.dll
0x00007ff8d5590000 - 0x00007ff8d55b2000 	C:\Windows\System32\win32u.dll
0x00007ff8b92f0000 - 0x00007ff8b958a000 	C:\Windows\WinSxS\amd64_microsoft.windows.common-controls_6595b64144ccf1df_6.0.19041.1110_none_60b5254171f9507e\COMCTL32.dll
0x00007ff8d6610000 - 0x00007ff8d663a000 	C:\Windows\System32\GDI32.dll
0x00007ff8d5860000 - 0x00007ff8d596b000 	C:\Windows\System32\gdi32full.dll
0x00007ff8d55c0000 - 0x00007ff8d565d000 	C:\Windows\System32\msvcp_win.dll
0x00007ff8cca80000 - 0x00007ff8cca8a000 	C:\Windows\SYSTEM32\VERSION.dll
0x00007ff8d6950000 - 0x00007ff8d6980000 	C:\Windows\System32\IMM32.DLL
0x00007ff88cc50000 - 0x00007ff88cceb000 	C:\Program Files\Java\jdk-14.0.2\bin\msvcp140.dll
0x00007ff85a370000 - 0x00007ff85ae8e000 	C:\Program Files\Java\jdk-14.0.2\bin\server\jvm.dll
0x00007ff8d7860000 - 0x00007ff8d7868000 	C:\Windows\System32\PSAPI.DLL
0x00007ff8b8990000 - 0x00007ff8b8999000 	C:\Windows\SYSTEM32\WSOCK32.dll
0x00007ff8d05c0000 - 0x00007ff8d05e7000 	C:\Windows\SYSTEM32\WINMM.dll
0x00007ff8d68e0000 - 0x00007ff8d694b000 	C:\Windows\System32\WS2_32.dll
0x00007ff8d3830000 - 0x00007ff8d3842000 	C:\Windows\SYSTEM32\kernel.appcore.dll
0x00007ff89f9e0000 - 0x00007ff89f9ea000 	C:\Program Files\Java\jdk-14.0.2\bin\jimage.dll
0x00007ff8d2da0000 - 0x00007ff8d2f84000 	C:\Windows\SYSTEM32\DBGHELP.DLL
0x00007ff8d0590000 - 0x00007ff8d05bc000 	C:\Windows\SYSTEM32\dbgcore.DLL
0x00007ff8d59a0000 - 0x00007ff8d5a22000 	C:\Windows\System32\bcryptPrimitives.dll
0x00007ff88fff0000 - 0x00007ff890015000 	C:\Program Files\Java\jdk-14.0.2\bin\java.dll
0x00007ff88ec30000 - 0x00007ff88ec46000 	C:\Program Files\Java\jdk-14.0.2\bin\zip.dll
0x00007ff8d5ce0000 - 0x00007ff8d6424000 	C:\Windows\System32\SHELL32.dll
0x00007ff8d3080000 - 0x00007ff8d3814000 	C:\Windows\SYSTEM32\windows.storage.dll
0x00007ff8d7070000 - 0x00007ff8d73c4000 	C:\Windows\System32\combase.dll
0x00007ff8d49a0000 - 0x00007ff8d49d0000 	C:\Windows\SYSTEM32\Wldp.dll
0x00007ff8d6560000 - 0x00007ff8d660d000 	C:\Windows\System32\SHCORE.dll
0x00007ff8d7650000 - 0x00007ff8d76a5000 	C:\Windows\System32\shlwapi.dll
0x00007ff8d5030000 - 0x00007ff8d504f000 	C:\Windows\SYSTEM32\profapi.dll
0x00007ff88ea90000 - 0x00007ff88eaa9000 	C:\Program Files\Java\jdk-14.0.2\bin\net.dll
0x00007ff8d40a0000 - 0x00007ff8d41aa000 	C:\Windows\SYSTEM32\WINHTTP.dll
0x00007ff8d4780000 - 0x00007ff8d47ea000 	C:\Windows\system32\mswsock.dll
0x00007ff88e8a0000 - 0x00007ff88e8b2000 	C:\Program Files\Java\jdk-14.0.2\bin\nio.dll
0x00007ff898e00000 - 0x00007ff898e10000 	C:\Program Files\Java\jdk-14.0.2\bin\verify.dll
0x00007ff8988f0000 - 0x00007ff8988f9000 	C:\Program Files\Java\jdk-14.0.2\bin\management.dll
0x00007ff88eac0000 - 0x00007ff88eacb000 	C:\Program Files\Java\jdk-14.0.2\bin\management_ext.dll
0x00007ff89bab0000 - 0x00007ff89bac7000 	C:\Windows\system32\napinsp.dll
0x00007ff89ba90000 - 0x00007ff89baab000 	C:\Windows\system32\pnrpnsp.dll
0x00007ff8cef60000 - 0x00007ff8cef75000 	C:\Windows\system32\wshbth.dll
0x00007ff8d0160000 - 0x00007ff8d017d000 	C:\Windows\system32\NLAapi.dll
0x00007ff8d4490000 - 0x00007ff8d44cb000 	C:\Windows\SYSTEM32\IPHLPAPI.DLL
0x00007ff8d4520000 - 0x00007ff8d45ea000 	C:\Windows\SYSTEM32\DNSAPI.dll
0x00007ff8d7060000 - 0x00007ff8d7068000 	C:\Windows\System32\NSI.dll
0x00007ff89b8e0000 - 0x00007ff89b8f2000 	C:\Windows\System32\winrnr.dll
0x00007ff8cca50000 - 0x00007ff8cca5a000 	C:\Windows\System32\rasadhlp.dll
0x00007ff8c9780000 - 0x00007ff8c9800000 	C:\Windows\System32\fwpuclnt.dll
0x00007ff8d5970000 - 0x00007ff8d5997000 	C:\Windows\System32\bcrypt.dll
0x00007ff8d49e0000 - 0x00007ff8d49f8000 	C:\Windows\SYSTEM32\CRYPTSP.dll
0x00007ff8d4010000 - 0x00007ff8d4044000 	C:\Windows\system32\rsaenh.dll
0x00007ff8d4ff0000 - 0x00007ff8d501e000 	C:\Windows\SYSTEM32\USERENV.dll
0x00007ff8d4910000 - 0x00007ff8d491c000 	C:\Windows\SYSTEM32\CRYPTBASE.dll
0x00007ff8c9700000 - 0x00007ff8c9717000 	C:\Windows\SYSTEM32\dhcpcsvc6.DLL
0x00007ff8c9dd0000 - 0x00007ff8c9ded000 	C:\Windows\SYSTEM32\dhcpcsvc.DLL

dbghelp: loaded successfully - version: 4.0.5 - missing functions: none
symbol engine: initialized successfully - sym options: 0x614 - pdb path: .;C:\Program Files\Java\jdk-14.0.2\bin;C:\Windows\SYSTEM32;C:\Windows\WinSxS\amd64_microsoft.windows.common-controls_6595b64144ccf1df_6.0.19041.1110_none_60b5254171f9507e;C:\Program Files\Java\jdk-14.0.2\bin\server

VM Arguments:
jvm_args: -Dfile.encoding=windows-1252 -Duser.country=US -Duser.language=en -Duser.variant 
java_command: com.ben.PokemonColusseumApplication
java_class_path (initial): C:\Users\BenjaminPetruzziello\Documents\Projects\PokemonColusseum\build\classes\java\main;C:\Users\BenjaminPetruzziello\Documents\Projects\PokemonColusseum\build\resources\main;C:\Users\BenjaminPetruzziello\.gradle\caches\modules-2\files-2.1\org.springframework.boot\spring-boot-devtools\2.5.5\cd4c92b6039cad49b9586b668e905e430d3b3dac\spring-boot-devtools-2.5.5.jar;C:\Users\BenjaminPetruzziello\.gradle\caches\modules-2\files-2.1\org.springframework.boot\spring-boot-starter-actuator\2.5.5\6b2a78821cd64325d16c3551717c59b8e8e72b53\spring-boot-starter-actuator-2.5.5.jar;C:\Users\BenjaminPetruzziello\.gradle\caches\modules-2\files-2.1\org.springframework.boot\spring-boot-starter-data-jpa\2.5.5\5ec66dab8ad9dead3322e21d1bfafe29da89f360\spring-boot-starter-data-jpa-2.5.5.jar;C:\Users\BenjaminPetruzziello\.gradle\caches\modules-2\files-2.1\org.springframework.boot\spring-boot-starter-web\2.5.5\c09bf133d22c865d6ce4d67ff48aece7ff1defb1\spring-boot-starter-web-2.5.5.jar;C:\Users\BenjaminPetruzziello\.gradle\caches\modules-2\files-2.1\org.springframework.session\spring-session-core\2.5.2\7a1390d1a123f1967b4b0a70aa62512c8f5a434e\spring-session-core-2.5.2.jar;C:\Users\BenjaminPetruzziello\.gradle\caches\modules-2\files-2.1\org.postgresql\postgresql\42.2.23\9cb217a3d5b640567ed7c6e8c11f389613c81c4d\postgresql-42.2.23.jar;C:\Users\BenjaminPetruzziello\.gradle\caches\modules-2\files-2.1\org.springframework.boot\spring-boot-starter-aop\2.5.5\25b36a03046a5262089d1167e29086a62afd2e9f\spring-boot-starter-aop-2.5.5.jar;C:\Users\BenjaminPetruzziello\.gradle\caches\modules-2\files-2.1\org.springframework\spring-aspects\5.3.10\74cb456f1f3066ba3c83df516be856dc17e2ea86\spring-aspects-5.3.10.jar;C:\Users\BenjaminPetruzziello\.gradle\caches\modules-2\files-2.1\org.aspectj\aspectjweaver\1.9.7\158f5c255cd3e4408e795b79f7c3fbae9b53b7ca\aspectjweaver-1.9.7.jar;C:\Users\BenjaminPetruzziello\.gradle\caches\modules-2\files-2.1\org.springframework.boot\spring-boot-starter-jdbc\2
Launcher Type: SUN_STANDARD

[Global flags]
     intx CICompilerCount                          = 4                                         {product} {ergonomic}
     uint ConcGCThreads                            = 2                                         {product} {ergonomic}
     uint G1ConcRefinementThreads                  = 8                                         {product} {ergonomic}
   size_t G1HeapRegionSize                         = 1048576                                   {product} {ergonomic}
    uintx GCDrainStackTargetSize                   = 64                                        {product} {ergonomic}
   size_t InitialHeapSize                          = 264241152                                 {product} {ergonomic}
   size_t MarkStackSize                            = 4194304                                   {product} {ergonomic}
   size_t MaxHeapSize                              = 4217372672                                {product} {ergonomic}
   size_t MaxNewSize                               = 2530213888                                {product} {ergonomic}
   size_t MinHeapDeltaBytes                        = 1048576                                   {product} {ergonomic}
   size_t MinHeapSize                              = 8388608                                   {product} {ergonomic}
    uintx NonNMethodCodeHeapSize                   = 5839372                                {pd product} {ergonomic}
    uintx NonProfiledCodeHeapSize                  = 122909434                              {pd product} {ergonomic}
    uintx ProfiledCodeHeapSize                     = 122909434                              {pd product} {ergonomic}
    uintx ReservedCodeCacheSize                    = 251658240                              {pd product} {ergonomic}
     bool SegmentedCodeCache                       = true                                      {product} {ergonomic}
   size_t SoftMaxHeapSize                          = 4217372672                             {manageable} {ergonomic}
     bool UseCompressedClassPointers               = true                                 {lp64_product} {ergonomic}
     bool UseCompressedOops                        = true                                 {lp64_product} {ergonomic}
     bool UseG1GC                                  = true                                      {product} {ergonomic}
     bool UseLargePagesIndividualAllocation        = false                                  {pd product} {ergonomic}

Logging:
Log output configuration:
 #0: stdout all=warning uptime,level,tags
 #1: stderr all=off uptime,level,tags

Environment Variables:
JAVA_HOME=C:\Program Files\Java\jdk-14.0.2
PATH=C:\Python39\Scripts\;C:\Python39\;C:\Windows\system32;C:\Windows;C:\Windows\System32\Wbem;C:\Windows\System32\WindowsPowerShell\v1.0\;C:\Windows\System32\OpenSSH\;C:\Program Files\Git\cmd;C:\Program Files\Java\jdk-14.0.2\bin;C:\Users\BenjaminPetruzziello\Downloads\apache-maven-3.8.1-bin (1)\apache-maven-3.8.1\bin;C:\Program Files\Docker\Docker\resources\bin;C:\ProgramData\DockerDesktop\version-bin;C:\ProgramData\chocolatey\bin;C:\Program Files\nodejs\;C:\Gradle\gradle-7.1.1\bin;C:\Program Files\Consul;C:\Users\BenjaminPetruzziello\AppData\Local\Microsoft\WindowsApps;C:\Users\BenjaminPetruzziello\AppData\Local\Programs\Microsoft VS Code\bin;C:\Program Files\JetBrains\IntelliJ IDEA 2021.1\bin;;C:\Program Files\JetBrains\IntelliJ IDEA Community Edition 2021.1.1\bin;;C:\Users\BenjaminPetruzziello\AppData\Roaming\npm;C:\Gradle\gradle-7.1.1-bin;C:\Users\BenjaminPetruzziello\Downloads\consul_1.10.3_windows_amd64;
USERNAME=BenjaminPetruzziello
OS=Windows_NT
PROCESSOR_IDENTIFIER=Intel64 Family 6 Model 126 Stepping 5, GenuineIntel



---------------  S Y S T E M  ---------------

OS: Windows 10 , 64 bit Build 19041 (10.0.19041.1889)
OS uptime: 2 days 0:42 hours
HyperV virtualization detected

CPU:total 8 (initial active 8) (4 cores per cpu, 2 threads per core) family 6 model 126 stepping 5, cmov, cx8, fxsr, mmx, sse, sse2, sse3, ssse3, sse4.1, sse4.2, popcnt, avx, avx2, aes, clmul, erms, 3dnowpref, lzcnt, ht, tsc, tscinvbit, bmi1, bmi2, adx, evex, sha, fma

Memory: 4k page, system-wide physical 16086M (2762M free)
TotalPageFile size 46451M (AvailPageFile size 5M)
current process WorkingSet (physical memory assigned to process): 189M, peak: 308M
current process commit charge ("private bytes"): 300M, peak: 409M

vm_info: Java HotSpot(TM) 64-Bit Server VM (14.0.2+12-46) for windows-amd64 JRE (14.0.2+12-46), built on Jul  9 2020 00:35:52 by "mach5one" with MS VC++ 15.9 (VS2017)

END.
